2023-10-20 16:50:04.519 |-INFO  [main] com.example.springboot1.Springboot1Application [55] -| Starting Springboot1Application using Java 17.0.8 on DESKTOP-N5IT79T with PID 9356 (E:\project\IDEA\project\springboot1\target\classes started by 35310 in E:\project\IDEA\project\springboot1)
2023-10-20 16:50:04.521 |-INFO  [main] com.example.springboot1.Springboot1Application [631] -| No active profile set, falling back to 1 default profile: "default"
2023-10-20 16:50:06.395 |-WARN  [main] org.mybatis.spring.mapper.ClassPathMapperScanner [44] -| Skipping MapperFactoryBean with name 'getAppSecretMapper' and 'com.example.springboot1.mapper.GetAppSecretMapper' mapperInterface. Bean already defined with the same name!
2023-10-20 16:50:06.395 |-WARN  [main] org.mybatis.spring.mapper.ClassPathMapperScanner [44] -| Skipping MapperFactoryBean with name 'getAppSignMapper' and 'com.example.springboot1.mapper.GetAppSignMapper' mapperInterface. Bean already defined with the same name!
2023-10-20 16:50:06.395 |-WARN  [main] org.mybatis.spring.mapper.ClassPathMapperScanner [44] -| Skipping MapperFactoryBean with name 'getImageMapper' and 'com.example.springboot1.mapper.GetImageMapper' mapperInterface. Bean already defined with the same name!
2023-10-20 16:50:06.395 |-WARN  [main] org.mybatis.spring.mapper.ClassPathMapperScanner [44] -| Skipping MapperFactoryBean with name 'imageMapper' and 'com.example.springboot1.mapper.ImageMapper' mapperInterface. Bean already defined with the same name!
2023-10-20 16:50:06.396 |-WARN  [main] org.mybatis.spring.mapper.ClassPathMapperScanner [44] -| No MyBatis mapper was found in '[com.example.springboot1.mapper]' package. Please check your configuration.
2023-10-20 16:50:06.877 |-INFO  [main] org.springframework.boot.web.embedded.tomcat.TomcatWebServer [108] -| Tomcat initialized with port(s): 9091 (http)
2023-10-20 16:50:06.887 |-INFO  [main] org.apache.coyote.http11.Http11NioProtocol [173] -| Initializing ProtocolHandler ["http-nio-9091"]
2023-10-20 16:50:06.888 |-INFO  [main] org.apache.catalina.core.StandardService [173] -| Starting service [Tomcat]
2023-10-20 16:50:06.888 |-INFO  [main] org.apache.catalina.core.StandardEngine [173] -| Starting Servlet engine: [Apache Tomcat/9.0.71]
2023-10-20 16:50:06.981 |-INFO  [main] org.apache.catalina.core.ContainerBase.[Tomcat].[localhost].[/] [173] -| Initializing Spring embedded WebApplicationContext
2023-10-20 16:50:06.981 |-INFO  [main] org.springframework.boot.web.servlet.context.ServletWebServerApplicationContext [292] -| Root WebApplicationContext: initialization completed in 2408 ms
2023-10-20 16:50:07.694 |-INFO  [main] springfox.documentation.spring.web.PropertySourcedRequestMappingHandlerMapping [69] -| Mapped URL path [/v2/api-docs] onto method [springfox.documentation.swagger2.web.Swagger2Controller#getDocumentation(String, HttpServletRequest)]
2023-10-20 16:50:07.919 |-INFO  [main] org.apache.coyote.http11.Http11NioProtocol [173] -| Starting ProtocolHandler ["http-nio-9091"]
2023-10-20 16:50:07.980 |-INFO  [main] org.springframework.boot.web.embedded.tomcat.TomcatWebServer [220] -| Tomcat started on port(s): 9091 (http) with context path ''
2023-10-20 16:50:07.980 |-INFO  [main] springfox.documentation.spring.web.plugins.DocumentationPluginsBootstrapper [147] -| Context refreshed
2023-10-20 16:50:07.995 |-INFO  [main] springfox.documentation.spring.web.plugins.DocumentationPluginsBootstrapper [150] -| Found 1 custom documentation plugin(s)
2023-10-20 16:50:08.020 |-INFO  [main] springfox.documentation.spring.web.scanners.ApiListingReferenceScanner [41] -| Scanning for api listing references
2023-10-20 16:50:08.159 |-INFO  [main] com.example.springboot1.Springboot1Application [61] -| Started Springboot1Application in 4.815 seconds (JVM running for 6.239)
2023-10-20 16:50:42.416 |-INFO  [http-nio-9091-exec-1] org.apache.catalina.core.ContainerBase.[Tomcat].[localhost].[/] [173] -| Initializing Spring DispatcherServlet 'dispatcherServlet'
2023-10-20 16:50:42.417 |-INFO  [http-nio-9091-exec-1] org.springframework.web.servlet.DispatcherServlet [525] -| Initializing Servlet 'dispatcherServlet'
2023-10-20 16:50:42.418 |-INFO  [http-nio-9091-exec-1] org.springframework.web.servlet.DispatcherServlet [547] -| Completed initialization in 0 ms
2023-10-20 16:50:42.458 |-INFO  [http-nio-9091-exec-1] com.zaxxer.hikari.HikariDataSource [110] -| HikariPool-1 - Starting...
2023-10-20 16:50:43.235 |-INFO  [http-nio-9091-exec-1] com.zaxxer.hikari.HikariDataSource [123] -| HikariPool-1 - Start completed.
2023-10-20 16:50:49.367 |-INFO  [http-nio-9091-exec-2] com.example.springboot1.common.SignUtil [55] -| 通过用户发送数据获取新签名：A01CE23D0EB9F752D2EB4D45D5ADC3F6
2023-10-20 16:51:08.716 |-INFO  [http-nio-9091-exec-4] com.example.springboot1.common.SignUtil [55] -| 通过用户发送数据获取新签名：500BC951DCFC4D75BD5196EC375222EB
2023-10-20 16:54:59.286 |-INFO  [http-nio-9091-exec-7] com.example.springboot1.common.SignUtil [55] -| 通过用户发送数据获取新签名：DE15852972D8865661FB17E017C320BB
2023-10-20 16:59:33.661 |-INFO  [SpringApplicationShutdownHook] com.zaxxer.hikari.HikariDataSource [350] -| HikariPool-1 - Shutdown initiated...
2023-10-20 16:59:33.729 |-INFO  [SpringApplicationShutdownHook] com.zaxxer.hikari.HikariDataSource [352] -| HikariPool-1 - Shutdown completed.
