2023-10-13 09:53:48.699 |-INFO  [main] com.example.springboot1.Springboot1Application [55] -| Starting Springboot1Application using Java 17.0.8 on DESKTOP-N5IT79T with PID 10140 (E:\project\IDEA\project\springboot1\target\classes started by 35310 in E:\project\IDEA\project\springboot1)
2023-10-13 09:53:48.701 |-INFO  [main] com.example.springboot1.Springboot1Application [631] -| No active profile set, falling back to 1 default profile: "default"
2023-10-13 09:53:49.869 |-WARN  [main] org.mybatis.spring.mapper.ClassPathMapperScanner [44] -| Skipping MapperFactoryBean with name 'getAppSecretMapper' and 'com.example.springboot1.mapper.GetAppSecretMapper' mapperInterface. Bean already defined with the same name!
2023-10-13 09:53:49.870 |-WARN  [main] org.mybatis.spring.mapper.ClassPathMapperScanner [44] -| Skipping MapperFactoryBean with name 'getAppSignMapper' and 'com.example.springboot1.mapper.GetAppSignMapper' mapperInterface. Bean already defined with the same name!
2023-10-13 09:53:49.870 |-WARN  [main] org.mybatis.spring.mapper.ClassPathMapperScanner [44] -| Skipping MapperFactoryBean with name 'getImageMapper' and 'com.example.springboot1.mapper.GetImageMapper' mapperInterface. Bean already defined with the same name!
2023-10-13 09:53:49.870 |-WARN  [main] org.mybatis.spring.mapper.ClassPathMapperScanner [44] -| Skipping MapperFactoryBean with name 'imageMapper' and 'com.example.springboot1.mapper.ImageMapper' mapperInterface. Bean already defined with the same name!
2023-10-13 09:53:49.871 |-WARN  [main] org.mybatis.spring.mapper.ClassPathMapperScanner [44] -| No MyBatis mapper was found in '[com.example.springboot1.mapper]' package. Please check your configuration.
2023-10-13 09:53:50.216 |-INFO  [main] org.springframework.boot.web.embedded.tomcat.TomcatWebServer [108] -| Tomcat initialized with port(s): 9091 (http)
2023-10-13 09:53:50.224 |-INFO  [main] org.apache.coyote.http11.Http11NioProtocol [173] -| Initializing ProtocolHandler ["http-nio-9091"]
2023-10-13 09:53:50.224 |-INFO  [main] org.apache.catalina.core.StandardService [173] -| Starting service [Tomcat]
2023-10-13 09:53:50.224 |-INFO  [main] org.apache.catalina.core.StandardEngine [173] -| Starting Servlet engine: [Apache Tomcat/9.0.71]
2023-10-13 09:53:50.308 |-INFO  [main] org.apache.catalina.core.ContainerBase.[Tomcat].[localhost].[/] [173] -| Initializing Spring embedded WebApplicationContext
2023-10-13 09:53:50.308 |-INFO  [main] org.springframework.boot.web.servlet.context.ServletWebServerApplicationContext [292] -| Root WebApplicationContext: initialization completed in 1553 ms
2023-10-13 09:53:51.054 |-INFO  [main] springfox.documentation.spring.web.PropertySourcedRequestMappingHandlerMapping [69] -| Mapped URL path [/v2/api-docs] onto method [springfox.documentation.swagger2.web.Swagger2Controller#getDocumentation(String, HttpServletRequest)]
2023-10-13 09:53:51.370 |-INFO  [main] org.apache.coyote.http11.Http11NioProtocol [173] -| Starting ProtocolHandler ["http-nio-9091"]
2023-10-13 09:53:51.387 |-INFO  [main] org.springframework.boot.web.embedded.tomcat.TomcatWebServer [220] -| Tomcat started on port(s): 9091 (http) with context path ''
2023-10-13 09:53:51.387 |-INFO  [main] springfox.documentation.spring.web.plugins.DocumentationPluginsBootstrapper [147] -| Context refreshed
2023-10-13 09:53:51.400 |-INFO  [main] springfox.documentation.spring.web.plugins.DocumentationPluginsBootstrapper [150] -| Found 1 custom documentation plugin(s)
2023-10-13 09:53:51.418 |-INFO  [main] springfox.documentation.spring.web.scanners.ApiListingReferenceScanner [41] -| Scanning for api listing references
2023-10-13 09:53:51.537 |-INFO  [main] springfox.documentation.spring.web.readers.operation.CachingOperationNameGenerator [40] -| Generating unique operation named: getSignUsingGET_1
2023-10-13 09:53:51.553 |-INFO  [main] com.example.springboot1.Springboot1Application [61] -| Started Springboot1Application in 3.676 seconds (JVM running for 4.842)
2023-10-13 09:54:01.447 |-INFO  [main] com.example.springboot1.Springboot1Application [55] -| Starting Springboot1Application using Java 17.0.8 on DESKTOP-N5IT79T with PID 21080 (E:\project\IDEA\project\springboot1\target\classes started by 35310 in E:\project\IDEA\project\springboot1)
2023-10-13 09:54:01.450 |-INFO  [main] com.example.springboot1.Springboot1Application [631] -| No active profile set, falling back to 1 default profile: "default"
2023-10-13 09:54:01.986 |-WARN  [main] org.mybatis.spring.mapper.ClassPathMapperScanner [44] -| Skipping MapperFactoryBean with name 'getAppSecretMapper' and 'com.example.springboot1.mapper.GetAppSecretMapper' mapperInterface. Bean already defined with the same name!
2023-10-13 09:54:01.986 |-WARN  [main] org.mybatis.spring.mapper.ClassPathMapperScanner [44] -| Skipping MapperFactoryBean with name 'getAppSignMapper' and 'com.example.springboot1.mapper.GetAppSignMapper' mapperInterface. Bean already defined with the same name!
2023-10-13 09:54:01.987 |-WARN  [main] org.mybatis.spring.mapper.ClassPathMapperScanner [44] -| Skipping MapperFactoryBean with name 'getImageMapper' and 'com.example.springboot1.mapper.GetImageMapper' mapperInterface. Bean already defined with the same name!
2023-10-13 09:54:01.987 |-WARN  [main] org.mybatis.spring.mapper.ClassPathMapperScanner [44] -| Skipping MapperFactoryBean with name 'imageMapper' and 'com.example.springboot1.mapper.ImageMapper' mapperInterface. Bean already defined with the same name!
2023-10-13 09:54:01.987 |-WARN  [main] org.mybatis.spring.mapper.ClassPathMapperScanner [44] -| No MyBatis mapper was found in '[com.example.springboot1.mapper]' package. Please check your configuration.
2023-10-13 09:54:02.267 |-INFO  [main] org.springframework.boot.web.embedded.tomcat.TomcatWebServer [108] -| Tomcat initialized with port(s): 9091 (http)
2023-10-13 09:54:02.273 |-INFO  [main] org.apache.coyote.http11.Http11NioProtocol [173] -| Initializing ProtocolHandler ["http-nio-9091"]
2023-10-13 09:54:02.273 |-INFO  [main] org.apache.catalina.core.StandardService [173] -| Starting service [Tomcat]
2023-10-13 09:54:02.274 |-INFO  [main] org.apache.catalina.core.StandardEngine [173] -| Starting Servlet engine: [Apache Tomcat/9.0.71]
2023-10-13 09:54:02.345 |-INFO  [main] org.apache.catalina.core.ContainerBase.[Tomcat].[localhost].[/] [173] -| Initializing Spring embedded WebApplicationContext
2023-10-13 09:54:02.345 |-INFO  [main] org.springframework.boot.web.servlet.context.ServletWebServerApplicationContext [292] -| Root WebApplicationContext: initialization completed in 860 ms
2023-10-13 09:54:02.814 |-INFO  [main] springfox.documentation.spring.web.PropertySourcedRequestMappingHandlerMapping [69] -| Mapped URL path [/v2/api-docs] onto method [springfox.documentation.swagger2.web.Swagger2Controller#getDocumentation(String, HttpServletRequest)]
2023-10-13 09:54:03.011 |-INFO  [main] org.apache.coyote.http11.Http11NioProtocol [173] -| Starting ProtocolHandler ["http-nio-9091"]
2023-10-13 09:54:03.026 |-INFO  [main] org.springframework.boot.web.embedded.tomcat.TomcatWebServer [220] -| Tomcat started on port(s): 9091 (http) with context path ''
2023-10-13 09:54:03.027 |-INFO  [main] springfox.documentation.spring.web.plugins.DocumentationPluginsBootstrapper [147] -| Context refreshed
2023-10-13 09:54:03.038 |-INFO  [main] springfox.documentation.spring.web.plugins.DocumentationPluginsBootstrapper [150] -| Found 1 custom documentation plugin(s)
2023-10-13 09:54:03.055 |-INFO  [main] springfox.documentation.spring.web.scanners.ApiListingReferenceScanner [41] -| Scanning for api listing references
2023-10-13 09:54:03.156 |-INFO  [main] springfox.documentation.spring.web.readers.operation.CachingOperationNameGenerator [40] -| Generating unique operation named: getSignUsingGET_1
2023-10-13 09:54:03.168 |-INFO  [main] com.example.springboot1.Springboot1Application [61] -| Started Springboot1Application in 2.078 seconds (JVM running for 2.551)
2023-10-13 09:54:19.320 |-INFO  [http-nio-9091-exec-1] org.apache.catalina.core.ContainerBase.[Tomcat].[localhost].[/] [173] -| Initializing Spring DispatcherServlet 'dispatcherServlet'
2023-10-13 09:54:19.321 |-INFO  [http-nio-9091-exec-1] org.springframework.web.servlet.DispatcherServlet [525] -| Initializing Servlet 'dispatcherServlet'
2023-10-13 09:54:19.322 |-INFO  [http-nio-9091-exec-1] org.springframework.web.servlet.DispatcherServlet [547] -| Completed initialization in 1 ms
2023-10-13 09:54:19.382 |-INFO  [http-nio-9091-exec-1] com.zaxxer.hikari.HikariDataSource [110] -| HikariPool-1 - Starting...
2023-10-13 09:54:19.708 |-INFO  [http-nio-9091-exec-1] com.zaxxer.hikari.HikariDataSource [123] -| HikariPool-1 - Start completed.
2023-10-13 09:56:32.786 |-ERROR [http-nio-9091-exec-6] com.example.springboot1.logging.GlobalExceptionHandler [27] -| ===========全局统一异常处理============
2023-10-13 09:56:32.803 |-ERROR [http-nio-9091-exec-6] com.example.springboot1.logging.GlobalExceptionHandler [28] -| java.lang.NullPointerException: Cannot invoke "com.example.springboot1.Entity.ImageResult.isEmpty()" because "imageResult" is null
	at com.example.springboot1.controller.GetImageController.getOneImage(GetImageController.java:135)
	at java.base/jdk.internal.reflect.NativeMethodAccessorImpl.invoke0(Native Method)
	at java.base/jdk.internal.reflect.NativeMethodAccessorImpl.invoke(NativeMethodAccessorImpl.java:77)
	at java.base/jdk.internal.reflect.DelegatingMethodAccessorImpl.invoke(DelegatingMethodAccessorImpl.java:43)
	at java.base/java.lang.reflect.Method.invoke(Method.java:568)
	at org.springframework.web.method.support.InvocableHandlerMethod.doInvoke(InvocableHandlerMethod.java:205)
	at org.springframework.web.method.support.InvocableHandlerMethod.invokeForRequest(InvocableHandlerMethod.java:150)
	at org.springframework.web.servlet.mvc.method.annotation.ServletInvocableHandlerMethod.invokeAndHandle(ServletInvocableHandlerMethod.java:117)
	at org.springframework.web.servlet.mvc.method.annotation.RequestMappingHandlerAdapter.invokeHandlerMethod(RequestMappingHandlerAdapter.java:895)
	at org.springframework.web.servlet.mvc.method.annotation.RequestMappingHandlerAdapter.handleInternal(RequestMappingHandlerAdapter.java:808)
	at org.springframework.web.servlet.mvc.method.AbstractHandlerMethodAdapter.handle(AbstractHandlerMethodAdapter.java:87)
	at org.springframework.web.servlet.DispatcherServlet.doDispatch(DispatcherServlet.java:1071)
	at org.springframework.web.servlet.DispatcherServlet.doService(DispatcherServlet.java:964)
	at org.springframework.web.servlet.FrameworkServlet.processRequest(FrameworkServlet.java:1006)
	at org.springframework.web.servlet.FrameworkServlet.doGet(FrameworkServlet.java:898)
	at javax.servlet.http.HttpServlet.service(HttpServlet.java:670)
	at org.springframework.web.servlet.FrameworkServlet.service(FrameworkServlet.java:883)
	at javax.servlet.http.HttpServlet.service(HttpServlet.java:779)
	at org.apache.catalina.core.ApplicationFilterChain.internalDoFilter(ApplicationFilterChain.java:227)
	at org.apache.catalina.core.ApplicationFilterChain.doFilter(ApplicationFilterChain.java:162)
	at org.apache.tomcat.websocket.server.WsFilter.doFilter(WsFilter.java:53)
	at org.apache.catalina.core.ApplicationFilterChain.internalDoFilter(ApplicationFilterChain.java:189)
	at org.apache.catalina.core.ApplicationFilterChain.doFilter(ApplicationFilterChain.java:162)
	at org.springframework.web.filter.RequestContextFilter.doFilterInternal(RequestContextFilter.java:100)
	at org.springframework.web.filter.OncePerRequestFilter.doFilter(OncePerRequestFilter.java:117)
	at org.apache.catalina.core.ApplicationFilterChain.internalDoFilter(ApplicationFilterChain.java:189)
	at org.apache.catalina.core.ApplicationFilterChain.doFilter(ApplicationFilterChain.java:162)
	at org.springframework.web.filter.FormContentFilter.doFilterInternal(FormContentFilter.java:93)
	at org.springframework.web.filter.OncePerRequestFilter.doFilter(OncePerRequestFilter.java:117)
	at org.apache.catalina.core.ApplicationFilterChain.internalDoFilter(ApplicationFilterChain.java:189)
	at org.apache.catalina.core.ApplicationFilterChain.doFilter(ApplicationFilterChain.java:162)
	at org.springframework.web.filter.CharacterEncodingFilter.doFilterInternal(CharacterEncodingFilter.java:201)
	at org.springframework.web.filter.OncePerRequestFilter.doFilter(OncePerRequestFilter.java:117)
	at org.apache.catalina.core.ApplicationFilterChain.internalDoFilter(ApplicationFilterChain.java:189)
	at org.apache.catalina.core.ApplicationFilterChain.doFilter(ApplicationFilterChain.java:162)
	at org.apache.catalina.core.StandardWrapperValve.invoke(StandardWrapperValve.java:177)
	at org.apache.catalina.core.StandardContextValve.invoke(StandardContextValve.java:97)
	at org.apache.catalina.authenticator.AuthenticatorBase.invoke(AuthenticatorBase.java:541)
	at org.apache.catalina.core.StandardHostValve.invoke(StandardHostValve.java:135)
	at org.apache.catalina.valves.ErrorReportValve.invoke(ErrorReportValve.java:92)
	at org.apache.catalina.core.StandardEngineValve.invoke(StandardEngineValve.java:78)
	at org.apache.catalina.connector.CoyoteAdapter.service(CoyoteAdapter.java:360)
	at org.apache.coyote.http11.Http11Processor.service(Http11Processor.java:399)
	at org.apache.coyote.AbstractProcessorLight.process(AbstractProcessorLight.java:65)
	at org.apache.coyote.AbstractProtocol$ConnectionHandler.process(AbstractProtocol.java:891)
	at org.apache.tomcat.util.net.NioEndpoint$SocketProcessor.doRun(NioEndpoint.java:1784)
	at org.apache.tomcat.util.net.SocketProcessorBase.run(SocketProcessorBase.java:49)
	at org.apache.tomcat.util.threads.ThreadPoolExecutor.runWorker(ThreadPoolExecutor.java:1191)
	at org.apache.tomcat.util.threads.ThreadPoolExecutor$Worker.run(ThreadPoolExecutor.java:659)
	at org.apache.tomcat.util.threads.TaskThread$WrappingRunnable.run(TaskThread.java:61)
	at java.base/java.lang.Thread.run(Thread.java:833)

2023-10-13 09:58:42.447 |-INFO  [SpringApplicationShutdownHook] com.zaxxer.hikari.HikariDataSource [350] -| HikariPool-1 - Shutdown initiated...
2023-10-13 09:58:42.452 |-INFO  [SpringApplicationShutdownHook] com.zaxxer.hikari.HikariDataSource [352] -| HikariPool-1 - Shutdown completed.
2023-10-13 09:58:45.782 |-INFO  [main] com.example.springboot1.Springboot1Application [55] -| Starting Springboot1Application using Java 17.0.8 on DESKTOP-N5IT79T with PID 2216 (E:\project\IDEA\project\springboot1\target\classes started by 35310 in E:\project\IDEA\project\springboot1)
2023-10-13 09:58:45.785 |-INFO  [main] com.example.springboot1.Springboot1Application [631] -| No active profile set, falling back to 1 default profile: "default"
2023-10-13 09:58:46.430 |-WARN  [main] org.mybatis.spring.mapper.ClassPathMapperScanner [44] -| Skipping MapperFactoryBean with name 'getAppSecretMapper' and 'com.example.springboot1.mapper.GetAppSecretMapper' mapperInterface. Bean already defined with the same name!
2023-10-13 09:58:46.430 |-WARN  [main] org.mybatis.spring.mapper.ClassPathMapperScanner [44] -| Skipping MapperFactoryBean with name 'getAppSignMapper' and 'com.example.springboot1.mapper.GetAppSignMapper' mapperInterface. Bean already defined with the same name!
2023-10-13 09:58:46.431 |-WARN  [main] org.mybatis.spring.mapper.ClassPathMapperScanner [44] -| Skipping MapperFactoryBean with name 'getImageMapper' and 'com.example.springboot1.mapper.GetImageMapper' mapperInterface. Bean already defined with the same name!
2023-10-13 09:58:46.431 |-WARN  [main] org.mybatis.spring.mapper.ClassPathMapperScanner [44] -| Skipping MapperFactoryBean with name 'imageMapper' and 'com.example.springboot1.mapper.ImageMapper' mapperInterface. Bean already defined with the same name!
2023-10-13 09:58:46.431 |-WARN  [main] org.mybatis.spring.mapper.ClassPathMapperScanner [44] -| No MyBatis mapper was found in '[com.example.springboot1.mapper]' package. Please check your configuration.
2023-10-13 09:58:46.773 |-INFO  [main] org.springframework.boot.web.embedded.tomcat.TomcatWebServer [108] -| Tomcat initialized with port(s): 9091 (http)
2023-10-13 09:58:46.780 |-INFO  [main] org.apache.coyote.http11.Http11NioProtocol [173] -| Initializing ProtocolHandler ["http-nio-9091"]
2023-10-13 09:58:46.780 |-INFO  [main] org.apache.catalina.core.StandardService [173] -| Starting service [Tomcat]
2023-10-13 09:58:46.781 |-INFO  [main] org.apache.catalina.core.StandardEngine [173] -| Starting Servlet engine: [Apache Tomcat/9.0.71]
2023-10-13 09:58:46.864 |-INFO  [main] org.apache.catalina.core.ContainerBase.[Tomcat].[localhost].[/] [173] -| Initializing Spring embedded WebApplicationContext
2023-10-13 09:58:46.864 |-INFO  [main] org.springframework.boot.web.servlet.context.ServletWebServerApplicationContext [292] -| Root WebApplicationContext: initialization completed in 1042 ms
2023-10-13 09:58:47.430 |-INFO  [main] springfox.documentation.spring.web.PropertySourcedRequestMappingHandlerMapping [69] -| Mapped URL path [/v2/api-docs] onto method [springfox.documentation.swagger2.web.Swagger2Controller#getDocumentation(String, HttpServletRequest)]
2023-10-13 09:58:47.665 |-INFO  [main] org.apache.coyote.http11.Http11NioProtocol [173] -| Starting ProtocolHandler ["http-nio-9091"]
2023-10-13 09:58:47.680 |-INFO  [main] org.springframework.boot.web.embedded.tomcat.TomcatWebServer [220] -| Tomcat started on port(s): 9091 (http) with context path ''
2023-10-13 09:58:47.681 |-INFO  [main] springfox.documentation.spring.web.plugins.DocumentationPluginsBootstrapper [147] -| Context refreshed
2023-10-13 09:58:47.692 |-INFO  [main] springfox.documentation.spring.web.plugins.DocumentationPluginsBootstrapper [150] -| Found 1 custom documentation plugin(s)
2023-10-13 09:58:47.712 |-INFO  [main] springfox.documentation.spring.web.scanners.ApiListingReferenceScanner [41] -| Scanning for api listing references
2023-10-13 09:58:47.818 |-INFO  [main] springfox.documentation.spring.web.readers.operation.CachingOperationNameGenerator [40] -| Generating unique operation named: getSignUsingGET_1
2023-10-13 09:58:47.831 |-INFO  [main] com.example.springboot1.Springboot1Application [61] -| Started Springboot1Application in 2.43 seconds (JVM running for 3.705)
2023-10-13 09:58:51.621 |-INFO  [http-nio-9091-exec-2] org.apache.catalina.core.ContainerBase.[Tomcat].[localhost].[/] [173] -| Initializing Spring DispatcherServlet 'dispatcherServlet'
2023-10-13 09:58:51.621 |-INFO  [http-nio-9091-exec-2] org.springframework.web.servlet.DispatcherServlet [525] -| Initializing Servlet 'dispatcherServlet'
2023-10-13 09:58:51.622 |-INFO  [http-nio-9091-exec-2] org.springframework.web.servlet.DispatcherServlet [547] -| Completed initialization in 1 ms
2023-10-13 09:59:04.424 |-INFO  [http-nio-9091-exec-2] com.zaxxer.hikari.HikariDataSource [110] -| HikariPool-1 - Starting...
2023-10-13 09:59:05.464 |-INFO  [http-nio-9091-exec-2] com.zaxxer.hikari.HikariDataSource [123] -| HikariPool-1 - Start completed.
2023-10-13 10:00:00.961 |-WARN  [HikariPool-1 housekeeper] com.zaxxer.hikari.pool.HikariPool [788] -| HikariPool-1 - Thread starvation or clock leap detected (housekeeper delta=55s394ms727µs700ns).
2023-10-13 10:00:00.965 |-ERROR [http-nio-9091-exec-2] com.example.springboot1.logging.GlobalExceptionHandler [27] -| ===========全局统一异常处理============
2023-10-13 10:00:00.966 |-ERROR [http-nio-9091-exec-2] com.example.springboot1.logging.GlobalExceptionHandler [28] -| java.lang.NullPointerException: Cannot invoke "com.example.springboot1.Entity.ImageResult.isEmpty()" because "imageResult" is null
	at com.example.springboot1.controller.GetImageController.getOneImage(GetImageController.java:135)
	at java.base/jdk.internal.reflect.NativeMethodAccessorImpl.invoke0(Native Method)
	at java.base/jdk.internal.reflect.NativeMethodAccessorImpl.invoke(NativeMethodAccessorImpl.java:77)
	at java.base/jdk.internal.reflect.DelegatingMethodAccessorImpl.invoke(DelegatingMethodAccessorImpl.java:43)
	at java.base/java.lang.reflect.Method.invoke(Method.java:568)
	at org.springframework.web.method.support.InvocableHandlerMethod.doInvoke(InvocableHandlerMethod.java:205)
	at org.springframework.web.method.support.InvocableHandlerMethod.invokeForRequest(InvocableHandlerMethod.java:150)
	at org.springframework.web.servlet.mvc.method.annotation.ServletInvocableHandlerMethod.invokeAndHandle(ServletInvocableHandlerMethod.java:117)
	at org.springframework.web.servlet.mvc.method.annotation.RequestMappingHandlerAdapter.invokeHandlerMethod(RequestMappingHandlerAdapter.java:895)
	at org.springframework.web.servlet.mvc.method.annotation.RequestMappingHandlerAdapter.handleInternal(RequestMappingHandlerAdapter.java:808)
	at org.springframework.web.servlet.mvc.method.AbstractHandlerMethodAdapter.handle(AbstractHandlerMethodAdapter.java:87)
	at org.springframework.web.servlet.DispatcherServlet.doDispatch(DispatcherServlet.java:1071)
	at org.springframework.web.servlet.DispatcherServlet.doService(DispatcherServlet.java:964)
	at org.springframework.web.servlet.FrameworkServlet.processRequest(FrameworkServlet.java:1006)
	at org.springframework.web.servlet.FrameworkServlet.doGet(FrameworkServlet.java:898)
	at javax.servlet.http.HttpServlet.service(HttpServlet.java:670)
	at org.springframework.web.servlet.FrameworkServlet.service(FrameworkServlet.java:883)
	at javax.servlet.http.HttpServlet.service(HttpServlet.java:779)
	at org.apache.catalina.core.ApplicationFilterChain.internalDoFilter(ApplicationFilterChain.java:227)
	at org.apache.catalina.core.ApplicationFilterChain.doFilter(ApplicationFilterChain.java:162)
	at org.apache.tomcat.websocket.server.WsFilter.doFilter(WsFilter.java:53)
	at org.apache.catalina.core.ApplicationFilterChain.internalDoFilter(ApplicationFilterChain.java:189)
	at org.apache.catalina.core.ApplicationFilterChain.doFilter(ApplicationFilterChain.java:162)
	at org.springframework.web.filter.RequestContextFilter.doFilterInternal(RequestContextFilter.java:100)
	at org.springframework.web.filter.OncePerRequestFilter.doFilter(OncePerRequestFilter.java:117)
	at org.apache.catalina.core.ApplicationFilterChain.internalDoFilter(ApplicationFilterChain.java:189)
	at org.apache.catalina.core.ApplicationFilterChain.doFilter(ApplicationFilterChain.java:162)
	at org.springframework.web.filter.FormContentFilter.doFilterInternal(FormContentFilter.java:93)
	at org.springframework.web.filter.OncePerRequestFilter.doFilter(OncePerRequestFilter.java:117)
	at org.apache.catalina.core.ApplicationFilterChain.internalDoFilter(ApplicationFilterChain.java:189)
	at org.apache.catalina.core.ApplicationFilterChain.doFilter(ApplicationFilterChain.java:162)
	at org.springframework.web.filter.CharacterEncodingFilter.doFilterInternal(CharacterEncodingFilter.java:201)
	at org.springframework.web.filter.OncePerRequestFilter.doFilter(OncePerRequestFilter.java:117)
	at org.apache.catalina.core.ApplicationFilterChain.internalDoFilter(ApplicationFilterChain.java:189)
	at org.apache.catalina.core.ApplicationFilterChain.doFilter(ApplicationFilterChain.java:162)
	at org.apache.catalina.core.StandardWrapperValve.invoke(StandardWrapperValve.java:177)
	at org.apache.catalina.core.StandardContextValve.invoke(StandardContextValve.java:97)
	at org.apache.catalina.authenticator.AuthenticatorBase.invoke(AuthenticatorBase.java:541)
	at org.apache.catalina.core.StandardHostValve.invoke(StandardHostValve.java:135)
	at org.apache.catalina.valves.ErrorReportValve.invoke(ErrorReportValve.java:92)
	at org.apache.catalina.core.StandardEngineValve.invoke(StandardEngineValve.java:78)
	at org.apache.catalina.connector.CoyoteAdapter.service(CoyoteAdapter.java:360)
	at org.apache.coyote.http11.Http11Processor.service(Http11Processor.java:399)
	at org.apache.coyote.AbstractProcessorLight.process(AbstractProcessorLight.java:65)
	at org.apache.coyote.AbstractProtocol$ConnectionHandler.process(AbstractProtocol.java:891)
	at org.apache.tomcat.util.net.NioEndpoint$SocketProcessor.doRun(NioEndpoint.java:1784)
	at org.apache.tomcat.util.net.SocketProcessorBase.run(SocketProcessorBase.java:49)
	at org.apache.tomcat.util.threads.ThreadPoolExecutor.runWorker(ThreadPoolExecutor.java:1191)
	at org.apache.tomcat.util.threads.ThreadPoolExecutor$Worker.run(ThreadPoolExecutor.java:659)
	at org.apache.tomcat.util.threads.TaskThread$WrappingRunnable.run(TaskThread.java:61)
	at java.base/java.lang.Thread.run(Thread.java:833)

2023-10-13 10:00:01.039 |-INFO  [SpringApplicationShutdownHook] com.zaxxer.hikari.HikariDataSource [350] -| HikariPool-1 - Shutdown initiated...
2023-10-13 10:00:01.044 |-INFO  [SpringApplicationShutdownHook] com.zaxxer.hikari.HikariDataSource [352] -| HikariPool-1 - Shutdown completed.
2023-10-13 10:00:05.662 |-INFO  [main] com.example.springboot1.Springboot1Application [55] -| Starting Springboot1Application using Java 17.0.8 on DESKTOP-N5IT79T with PID 27220 (E:\project\IDEA\project\springboot1\target\classes started by 35310 in E:\project\IDEA\project\springboot1)
2023-10-13 10:00:05.665 |-INFO  [main] com.example.springboot1.Springboot1Application [631] -| No active profile set, falling back to 1 default profile: "default"
2023-10-13 10:00:06.237 |-WARN  [main] org.mybatis.spring.mapper.ClassPathMapperScanner [44] -| Skipping MapperFactoryBean with name 'getAppSecretMapper' and 'com.example.springboot1.mapper.GetAppSecretMapper' mapperInterface. Bean already defined with the same name!
2023-10-13 10:00:06.237 |-WARN  [main] org.mybatis.spring.mapper.ClassPathMapperScanner [44] -| Skipping MapperFactoryBean with name 'getAppSignMapper' and 'com.example.springboot1.mapper.GetAppSignMapper' mapperInterface. Bean already defined with the same name!
2023-10-13 10:00:06.237 |-WARN  [main] org.mybatis.spring.mapper.ClassPathMapperScanner [44] -| Skipping MapperFactoryBean with name 'getImageMapper' and 'com.example.springboot1.mapper.GetImageMapper' mapperInterface. Bean already defined with the same name!
2023-10-13 10:00:06.237 |-WARN  [main] org.mybatis.spring.mapper.ClassPathMapperScanner [44] -| Skipping MapperFactoryBean with name 'imageMapper' and 'com.example.springboot1.mapper.ImageMapper' mapperInterface. Bean already defined with the same name!
2023-10-13 10:00:06.238 |-WARN  [main] org.mybatis.spring.mapper.ClassPathMapperScanner [44] -| No MyBatis mapper was found in '[com.example.springboot1.mapper]' package. Please check your configuration.
2023-10-13 10:00:06.544 |-INFO  [main] org.springframework.boot.web.embedded.tomcat.TomcatWebServer [108] -| Tomcat initialized with port(s): 9091 (http)
2023-10-13 10:00:06.551 |-INFO  [main] org.apache.coyote.http11.Http11NioProtocol [173] -| Initializing ProtocolHandler ["http-nio-9091"]
2023-10-13 10:00:06.551 |-INFO  [main] org.apache.catalina.core.StandardService [173] -| Starting service [Tomcat]
2023-10-13 10:00:06.552 |-INFO  [main] org.apache.catalina.core.StandardEngine [173] -| Starting Servlet engine: [Apache Tomcat/9.0.71]
2023-10-13 10:00:06.629 |-INFO  [main] org.apache.catalina.core.ContainerBase.[Tomcat].[localhost].[/] [173] -| Initializing Spring embedded WebApplicationContext
2023-10-13 10:00:06.629 |-INFO  [main] org.springframework.boot.web.servlet.context.ServletWebServerApplicationContext [292] -| Root WebApplicationContext: initialization completed in 923 ms
2023-10-13 10:00:07.114 |-INFO  [main] springfox.documentation.spring.web.PropertySourcedRequestMappingHandlerMapping [69] -| Mapped URL path [/v2/api-docs] onto method [springfox.documentation.swagger2.web.Swagger2Controller#getDocumentation(String, HttpServletRequest)]
2023-10-13 10:00:07.314 |-INFO  [main] org.apache.coyote.http11.Http11NioProtocol [173] -| Starting ProtocolHandler ["http-nio-9091"]
2023-10-13 10:00:07.329 |-INFO  [main] org.springframework.boot.web.embedded.tomcat.TomcatWebServer [220] -| Tomcat started on port(s): 9091 (http) with context path ''
2023-10-13 10:00:07.330 |-INFO  [main] springfox.documentation.spring.web.plugins.DocumentationPluginsBootstrapper [147] -| Context refreshed
2023-10-13 10:00:07.344 |-INFO  [main] springfox.documentation.spring.web.plugins.DocumentationPluginsBootstrapper [150] -| Found 1 custom documentation plugin(s)
2023-10-13 10:00:07.361 |-INFO  [main] springfox.documentation.spring.web.scanners.ApiListingReferenceScanner [41] -| Scanning for api listing references
2023-10-13 10:00:07.466 |-INFO  [main] springfox.documentation.spring.web.readers.operation.CachingOperationNameGenerator [40] -| Generating unique operation named: getSignUsingGET_1
2023-10-13 10:00:07.479 |-INFO  [main] com.example.springboot1.Springboot1Application [61] -| Started Springboot1Application in 2.231 seconds (JVM running for 2.713)
2023-10-13 10:00:21.236 |-INFO  [http-nio-9091-exec-1] org.apache.catalina.core.ContainerBase.[Tomcat].[localhost].[/] [173] -| Initializing Spring DispatcherServlet 'dispatcherServlet'
2023-10-13 10:00:21.236 |-INFO  [http-nio-9091-exec-1] org.springframework.web.servlet.DispatcherServlet [525] -| Initializing Servlet 'dispatcherServlet'
2023-10-13 10:00:21.237 |-INFO  [http-nio-9091-exec-1] org.springframework.web.servlet.DispatcherServlet [547] -| Completed initialization in 1 ms
2023-10-13 10:00:21.267 |-INFO  [http-nio-9091-exec-1] com.zaxxer.hikari.HikariDataSource [110] -| HikariPool-1 - Starting...
2023-10-13 10:00:21.495 |-INFO  [http-nio-9091-exec-1] com.zaxxer.hikari.HikariDataSource [123] -| HikariPool-1 - Start completed.
2023-10-13 10:01:01.430 |-INFO  [SpringApplicationShutdownHook] com.zaxxer.hikari.HikariDataSource [350] -| HikariPool-1 - Shutdown initiated...
2023-10-13 10:01:01.435 |-INFO  [SpringApplicationShutdownHook] com.zaxxer.hikari.HikariDataSource [352] -| HikariPool-1 - Shutdown completed.
2023-10-13 10:01:06.009 |-INFO  [main] com.example.springboot1.Springboot1Application [55] -| Starting Springboot1Application using Java 17.0.8 on DESKTOP-N5IT79T with PID 14800 (E:\project\IDEA\project\springboot1\target\classes started by 35310 in E:\project\IDEA\project\springboot1)
2023-10-13 10:01:06.011 |-INFO  [main] com.example.springboot1.Springboot1Application [631] -| No active profile set, falling back to 1 default profile: "default"
2023-10-13 10:01:06.571 |-WARN  [main] org.mybatis.spring.mapper.ClassPathMapperScanner [44] -| Skipping MapperFactoryBean with name 'getAppSecretMapper' and 'com.example.springboot1.mapper.GetAppSecretMapper' mapperInterface. Bean already defined with the same name!
2023-10-13 10:01:06.571 |-WARN  [main] org.mybatis.spring.mapper.ClassPathMapperScanner [44] -| Skipping MapperFactoryBean with name 'getAppSignMapper' and 'com.example.springboot1.mapper.GetAppSignMapper' mapperInterface. Bean already defined with the same name!
2023-10-13 10:01:06.571 |-WARN  [main] org.mybatis.spring.mapper.ClassPathMapperScanner [44] -| Skipping MapperFactoryBean with name 'getImageMapper' and 'com.example.springboot1.mapper.GetImageMapper' mapperInterface. Bean already defined with the same name!
2023-10-13 10:01:06.571 |-WARN  [main] org.mybatis.spring.mapper.ClassPathMapperScanner [44] -| Skipping MapperFactoryBean with name 'imageMapper' and 'com.example.springboot1.mapper.ImageMapper' mapperInterface. Bean already defined with the same name!
2023-10-13 10:01:06.571 |-WARN  [main] org.mybatis.spring.mapper.ClassPathMapperScanner [44] -| No MyBatis mapper was found in '[com.example.springboot1.mapper]' package. Please check your configuration.
2023-10-13 10:01:06.868 |-INFO  [main] org.springframework.boot.web.embedded.tomcat.TomcatWebServer [108] -| Tomcat initialized with port(s): 9091 (http)
2023-10-13 10:01:06.875 |-INFO  [main] org.apache.coyote.http11.Http11NioProtocol [173] -| Initializing ProtocolHandler ["http-nio-9091"]
2023-10-13 10:01:06.875 |-INFO  [main] org.apache.catalina.core.StandardService [173] -| Starting service [Tomcat]
2023-10-13 10:01:06.875 |-INFO  [main] org.apache.catalina.core.StandardEngine [173] -| Starting Servlet engine: [Apache Tomcat/9.0.71]
2023-10-13 10:01:06.951 |-INFO  [main] org.apache.catalina.core.ContainerBase.[Tomcat].[localhost].[/] [173] -| Initializing Spring embedded WebApplicationContext
2023-10-13 10:01:06.952 |-INFO  [main] org.springframework.boot.web.servlet.context.ServletWebServerApplicationContext [292] -| Root WebApplicationContext: initialization completed in 904 ms
2023-10-13 10:01:07.428 |-INFO  [main] springfox.documentation.spring.web.PropertySourcedRequestMappingHandlerMapping [69] -| Mapped URL path [/v2/api-docs] onto method [springfox.documentation.swagger2.web.Swagger2Controller#getDocumentation(String, HttpServletRequest)]
2023-10-13 10:01:07.627 |-INFO  [main] org.apache.coyote.http11.Http11NioProtocol [173] -| Starting ProtocolHandler ["http-nio-9091"]
2023-10-13 10:01:07.641 |-INFO  [main] org.springframework.boot.web.embedded.tomcat.TomcatWebServer [220] -| Tomcat started on port(s): 9091 (http) with context path ''
2023-10-13 10:01:07.643 |-INFO  [main] springfox.documentation.spring.web.plugins.DocumentationPluginsBootstrapper [147] -| Context refreshed
2023-10-13 10:01:07.654 |-INFO  [main] springfox.documentation.spring.web.plugins.DocumentationPluginsBootstrapper [150] -| Found 1 custom documentation plugin(s)
2023-10-13 10:01:07.676 |-INFO  [main] springfox.documentation.spring.web.scanners.ApiListingReferenceScanner [41] -| Scanning for api listing references
2023-10-13 10:01:07.788 |-INFO  [main] springfox.documentation.spring.web.readers.operation.CachingOperationNameGenerator [40] -| Generating unique operation named: getSignUsingGET_1
2023-10-13 10:01:07.804 |-INFO  [main] com.example.springboot1.Springboot1Application [61] -| Started Springboot1Application in 2.153 seconds (JVM running for 2.6)
2023-10-13 10:01:13.233 |-INFO  [http-nio-9091-exec-1] org.apache.catalina.core.ContainerBase.[Tomcat].[localhost].[/] [173] -| Initializing Spring DispatcherServlet 'dispatcherServlet'
2023-10-13 10:01:13.233 |-INFO  [http-nio-9091-exec-1] org.springframework.web.servlet.DispatcherServlet [525] -| Initializing Servlet 'dispatcherServlet'
2023-10-13 10:01:13.234 |-INFO  [http-nio-9091-exec-1] org.springframework.web.servlet.DispatcherServlet [547] -| Completed initialization in 1 ms
2023-10-13 10:01:13.266 |-INFO  [http-nio-9091-exec-1] com.zaxxer.hikari.HikariDataSource [110] -| HikariPool-1 - Starting...
2023-10-13 10:01:13.493 |-INFO  [http-nio-9091-exec-1] com.zaxxer.hikari.HikariDataSource [123] -| HikariPool-1 - Start completed.
2023-10-13 10:01:57.108 |-INFO  [SpringApplicationShutdownHook] com.zaxxer.hikari.HikariDataSource [350] -| HikariPool-1 - Shutdown initiated...
2023-10-13 10:01:57.113 |-INFO  [SpringApplicationShutdownHook] com.zaxxer.hikari.HikariDataSource [352] -| HikariPool-1 - Shutdown completed.
2023-10-13 10:41:36.505 |-INFO  [main] com.example.springboot1.Springboot1Application [55] -| Starting Springboot1Application using Java 17.0.8 on DESKTOP-N5IT79T with PID 15684 (E:\project\IDEA\project\springboot1\target\classes started by 35310 in E:\project\IDEA\project\springboot1)
2023-10-13 10:41:36.507 |-INFO  [main] com.example.springboot1.Springboot1Application [631] -| No active profile set, falling back to 1 default profile: "default"
2023-10-13 10:41:37.089 |-WARN  [main] org.mybatis.spring.mapper.ClassPathMapperScanner [44] -| Skipping MapperFactoryBean with name 'getAppSecretMapper' and 'com.example.springboot1.mapper.GetAppSecretMapper' mapperInterface. Bean already defined with the same name!
2023-10-13 10:41:37.089 |-WARN  [main] org.mybatis.spring.mapper.ClassPathMapperScanner [44] -| Skipping MapperFactoryBean with name 'getAppSignMapper' and 'com.example.springboot1.mapper.GetAppSignMapper' mapperInterface. Bean already defined with the same name!
2023-10-13 10:41:37.089 |-WARN  [main] org.mybatis.spring.mapper.ClassPathMapperScanner [44] -| Skipping MapperFactoryBean with name 'getImageMapper' and 'com.example.springboot1.mapper.GetImageMapper' mapperInterface. Bean already defined with the same name!
2023-10-13 10:41:37.089 |-WARN  [main] org.mybatis.spring.mapper.ClassPathMapperScanner [44] -| Skipping MapperFactoryBean with name 'imageMapper' and 'com.example.springboot1.mapper.ImageMapper' mapperInterface. Bean already defined with the same name!
2023-10-13 10:41:37.089 |-WARN  [main] org.mybatis.spring.mapper.ClassPathMapperScanner [44] -| No MyBatis mapper was found in '[com.example.springboot1.mapper]' package. Please check your configuration.
2023-10-13 10:41:37.379 |-INFO  [main] org.springframework.boot.web.embedded.tomcat.TomcatWebServer [108] -| Tomcat initialized with port(s): 9091 (http)
2023-10-13 10:41:37.386 |-INFO  [main] org.apache.coyote.http11.Http11NioProtocol [173] -| Initializing ProtocolHandler ["http-nio-9091"]
2023-10-13 10:41:37.386 |-INFO  [main] org.apache.catalina.core.StandardService [173] -| Starting service [Tomcat]
2023-10-13 10:41:37.386 |-INFO  [main] org.apache.catalina.core.StandardEngine [173] -| Starting Servlet engine: [Apache Tomcat/9.0.71]
2023-10-13 10:41:37.463 |-INFO  [main] org.apache.catalina.core.ContainerBase.[Tomcat].[localhost].[/] [173] -| Initializing Spring embedded WebApplicationContext
2023-10-13 10:41:37.464 |-INFO  [main] org.springframework.boot.web.servlet.context.ServletWebServerApplicationContext [292] -| Root WebApplicationContext: initialization completed in 917 ms
2023-10-13 10:41:37.939 |-INFO  [main] springfox.documentation.spring.web.PropertySourcedRequestMappingHandlerMapping [69] -| Mapped URL path [/v2/api-docs] onto method [springfox.documentation.swagger2.web.Swagger2Controller#getDocumentation(String, HttpServletRequest)]
2023-10-13 10:41:38.144 |-INFO  [main] org.apache.coyote.http11.Http11NioProtocol [173] -| Starting ProtocolHandler ["http-nio-9091"]
2023-10-13 10:41:38.157 |-INFO  [main] org.springframework.boot.web.embedded.tomcat.TomcatWebServer [220] -| Tomcat started on port(s): 9091 (http) with context path ''
2023-10-13 10:41:38.159 |-INFO  [main] springfox.documentation.spring.web.plugins.DocumentationPluginsBootstrapper [147] -| Context refreshed
2023-10-13 10:41:38.169 |-INFO  [main] springfox.documentation.spring.web.plugins.DocumentationPluginsBootstrapper [150] -| Found 1 custom documentation plugin(s)
2023-10-13 10:41:38.187 |-INFO  [main] springfox.documentation.spring.web.scanners.ApiListingReferenceScanner [41] -| Scanning for api listing references
2023-10-13 10:41:38.294 |-INFO  [main] springfox.documentation.spring.web.readers.operation.CachingOperationNameGenerator [40] -| Generating unique operation named: getSignUsingGET_1
2023-10-13 10:41:38.307 |-INFO  [main] com.example.springboot1.Springboot1Application [61] -| Started Springboot1Application in 2.182 seconds (JVM running for 2.654)
2023-10-13 10:41:42.229 |-INFO  [http-nio-9091-exec-1] org.apache.catalina.core.ContainerBase.[Tomcat].[localhost].[/] [173] -| Initializing Spring DispatcherServlet 'dispatcherServlet'
2023-10-13 10:41:42.229 |-INFO  [http-nio-9091-exec-1] org.springframework.web.servlet.DispatcherServlet [525] -| Initializing Servlet 'dispatcherServlet'
2023-10-13 10:41:42.230 |-INFO  [http-nio-9091-exec-1] org.springframework.web.servlet.DispatcherServlet [547] -| Completed initialization in 1 ms
2023-10-13 10:41:42.261 |-INFO  [http-nio-9091-exec-1] com.zaxxer.hikari.HikariDataSource [110] -| HikariPool-1 - Starting...
2023-10-13 10:41:42.472 |-INFO  [http-nio-9091-exec-1] com.zaxxer.hikari.HikariDataSource [123] -| HikariPool-1 - Start completed.
2023-10-13 10:43:27.701 |-INFO  [SpringApplicationShutdownHook] com.zaxxer.hikari.HikariDataSource [350] -| HikariPool-1 - Shutdown initiated...
2023-10-13 10:43:27.706 |-INFO  [SpringApplicationShutdownHook] com.zaxxer.hikari.HikariDataSource [352] -| HikariPool-1 - Shutdown completed.
2023-10-13 13:57:17.136 |-INFO  [main] com.example.springboot1.Springboot1Application [55] -| Starting Springboot1Application using Java 17.0.8 on DESKTOP-N5IT79T with PID 20584 (E:\project\IDEA\project\springboot1\target\classes started by 35310 in E:\project\IDEA\project\springboot1)
2023-10-13 13:57:17.138 |-INFO  [main] com.example.springboot1.Springboot1Application [631] -| No active profile set, falling back to 1 default profile: "default"
2023-10-13 13:57:17.706 |-WARN  [main] org.mybatis.spring.mapper.ClassPathMapperScanner [44] -| Skipping MapperFactoryBean with name 'getAppSecretMapper' and 'com.example.springboot1.mapper.GetAppSecretMapper' mapperInterface. Bean already defined with the same name!
2023-10-13 13:57:17.706 |-WARN  [main] org.mybatis.spring.mapper.ClassPathMapperScanner [44] -| Skipping MapperFactoryBean with name 'getAppSignMapper' and 'com.example.springboot1.mapper.GetAppSignMapper' mapperInterface. Bean already defined with the same name!
2023-10-13 13:57:17.706 |-WARN  [main] org.mybatis.spring.mapper.ClassPathMapperScanner [44] -| Skipping MapperFactoryBean with name 'getImageMapper' and 'com.example.springboot1.mapper.GetImageMapper' mapperInterface. Bean already defined with the same name!
2023-10-13 13:57:17.706 |-WARN  [main] org.mybatis.spring.mapper.ClassPathMapperScanner [44] -| Skipping MapperFactoryBean with name 'imageMapper' and 'com.example.springboot1.mapper.ImageMapper' mapperInterface. Bean already defined with the same name!
2023-10-13 13:57:17.706 |-WARN  [main] org.mybatis.spring.mapper.ClassPathMapperScanner [44] -| No MyBatis mapper was found in '[com.example.springboot1.mapper]' package. Please check your configuration.
2023-10-13 13:57:17.991 |-INFO  [main] org.springframework.boot.web.embedded.tomcat.TomcatWebServer [108] -| Tomcat initialized with port(s): 9091 (http)
2023-10-13 13:57:17.998 |-INFO  [main] org.apache.coyote.http11.Http11NioProtocol [173] -| Initializing ProtocolHandler ["http-nio-9091"]
2023-10-13 13:57:17.998 |-INFO  [main] org.apache.catalina.core.StandardService [173] -| Starting service [Tomcat]
2023-10-13 13:57:17.998 |-INFO  [main] org.apache.catalina.core.StandardEngine [173] -| Starting Servlet engine: [Apache Tomcat/9.0.71]
2023-10-13 13:57:18.072 |-INFO  [main] org.apache.catalina.core.ContainerBase.[Tomcat].[localhost].[/] [173] -| Initializing Spring embedded WebApplicationContext
2023-10-13 13:57:18.072 |-INFO  [main] org.springframework.boot.web.servlet.context.ServletWebServerApplicationContext [292] -| Root WebApplicationContext: initialization completed in 897 ms
2023-10-13 13:57:18.560 |-INFO  [main] springfox.documentation.spring.web.PropertySourcedRequestMappingHandlerMapping [69] -| Mapped URL path [/v2/api-docs] onto method [springfox.documentation.swagger2.web.Swagger2Controller#getDocumentation(String, HttpServletRequest)]
2023-10-13 13:57:18.753 |-INFO  [main] org.apache.coyote.http11.Http11NioProtocol [173] -| Starting ProtocolHandler ["http-nio-9091"]
2023-10-13 13:57:18.766 |-INFO  [main] org.springframework.boot.web.embedded.tomcat.TomcatWebServer [220] -| Tomcat started on port(s): 9091 (http) with context path ''
2023-10-13 13:57:18.767 |-INFO  [main] springfox.documentation.spring.web.plugins.DocumentationPluginsBootstrapper [147] -| Context refreshed
2023-10-13 13:57:18.778 |-INFO  [main] springfox.documentation.spring.web.plugins.DocumentationPluginsBootstrapper [150] -| Found 1 custom documentation plugin(s)
2023-10-13 13:57:18.797 |-INFO  [main] springfox.documentation.spring.web.scanners.ApiListingReferenceScanner [41] -| Scanning for api listing references
2023-10-13 13:57:18.905 |-INFO  [main] springfox.documentation.spring.web.readers.operation.CachingOperationNameGenerator [40] -| Generating unique operation named: getSignUsingGET_1
2023-10-13 13:57:18.921 |-INFO  [main] com.example.springboot1.Springboot1Application [61] -| Started Springboot1Application in 2.148 seconds (JVM running for 2.586)
