2023-10-16 15:36:32.989 |-INFO  [main] com.example.springboot1.Springboot1Application [55] -| Starting Springboot1Application using Java 17.0.8 on DESKTOP-N5IT79T with PID 22712 (E:\project\IDEA\project\springboot1\target\classes started by 35310 in E:\project\IDEA\project\springboot1)
2023-10-16 15:36:32.992 |-INFO  [main] com.example.springboot1.Springboot1Application [631] -| No active profile set, falling back to 1 default profile: "default"
2023-10-16 15:36:34.030 |-WARN  [main] org.mybatis.spring.mapper.ClassPathMapperScanner [44] -| Skipping MapperFactoryBean with name 'getAppSecretMapper' and 'com.example.springboot1.mapper.GetAppSecretMapper' mapperInterface. Bean already defined with the same name!
2023-10-16 15:36:34.040 |-WARN  [main] org.mybatis.spring.mapper.ClassPathMapperScanner [44] -| Skipping MapperFactoryBean with name 'getAppSignMapper' and 'com.example.springboot1.mapper.GetAppSignMapper' mapperInterface. Bean already defined with the same name!
2023-10-16 15:36:34.040 |-WARN  [main] org.mybatis.spring.mapper.ClassPathMapperScanner [44] -| Skipping MapperFactoryBean with name 'getImageMapper' and 'com.example.springboot1.mapper.GetImageMapper' mapperInterface. Bean already defined with the same name!
2023-10-16 15:36:34.040 |-WARN  [main] org.mybatis.spring.mapper.ClassPathMapperScanner [44] -| Skipping MapperFactoryBean with name 'imageMapper' and 'com.example.springboot1.mapper.ImageMapper' mapperInterface. Bean already defined with the same name!
2023-10-16 15:36:34.040 |-WARN  [main] org.mybatis.spring.mapper.ClassPathMapperScanner [44] -| No MyBatis mapper was found in '[com.example.springboot1.mapper]' package. Please check your configuration.
2023-10-16 15:36:34.534 |-INFO  [main] org.springframework.boot.web.embedded.tomcat.TomcatWebServer [108] -| Tomcat initialized with port(s): 9091 (http)
2023-10-16 15:36:34.546 |-INFO  [main] org.apache.coyote.http11.Http11NioProtocol [173] -| Initializing ProtocolHandler ["http-nio-9091"]
2023-10-16 15:36:34.547 |-INFO  [main] org.apache.catalina.core.StandardService [173] -| Starting service [Tomcat]
2023-10-16 15:36:34.547 |-INFO  [main] org.apache.catalina.core.StandardEngine [173] -| Starting Servlet engine: [Apache Tomcat/9.0.71]
2023-10-16 15:36:34.675 |-INFO  [main] org.apache.catalina.core.ContainerBase.[Tomcat].[localhost].[/] [173] -| Initializing Spring embedded WebApplicationContext
2023-10-16 15:36:34.675 |-INFO  [main] org.springframework.boot.web.servlet.context.ServletWebServerApplicationContext [292] -| Root WebApplicationContext: initialization completed in 1633 ms
2023-10-16 15:36:35.413 |-INFO  [main] springfox.documentation.spring.web.PropertySourcedRequestMappingHandlerMapping [69] -| Mapped URL path [/v2/api-docs] onto method [springfox.documentation.swagger2.web.Swagger2Controller#getDocumentation(String, HttpServletRequest)]
2023-10-16 15:36:35.627 |-INFO  [main] org.apache.coyote.http11.Http11NioProtocol [173] -| Starting ProtocolHandler ["http-nio-9091"]
2023-10-16 15:36:35.661 |-INFO  [main] org.springframework.boot.web.embedded.tomcat.TomcatWebServer [220] -| Tomcat started on port(s): 9091 (http) with context path ''
2023-10-16 15:36:35.661 |-INFO  [main] springfox.documentation.spring.web.plugins.DocumentationPluginsBootstrapper [147] -| Context refreshed
2023-10-16 15:36:35.674 |-INFO  [main] springfox.documentation.spring.web.plugins.DocumentationPluginsBootstrapper [150] -| Found 1 custom documentation plugin(s)
2023-10-16 15:36:35.702 |-INFO  [main] springfox.documentation.spring.web.scanners.ApiListingReferenceScanner [41] -| Scanning for api listing references
2023-10-16 15:36:35.847 |-INFO  [main] com.example.springboot1.Springboot1Application [61] -| Started Springboot1Application in 3.704 seconds (JVM running for 4.712)
