2023-10-15 14:21:51.807 |-INFO  [main] com.example.springboot1.Springboot1Application [55] -| Starting Springboot1Application using Java 17.0.8 on DESKTOP-N5IT79T with PID 14616 (E:\project\IDEA\project\springboot1\target\classes started by 35310 in E:\project\IDEA\project\springboot1)
2023-10-15 14:21:51.809 |-INFO  [main] com.example.springboot1.Springboot1Application [631] -| No active profile set, falling back to 1 default profile: "default"
2023-10-15 14:21:52.997 |-WARN  [main] org.mybatis.spring.mapper.ClassPathMapperScanner [44] -| Skipping MapperFactoryBean with name 'getAppSecretMapper' and 'com.example.springboot1.mapper.GetAppSecretMapper' mapperInterface. Bean already defined with the same name!
2023-10-15 14:21:52.998 |-WARN  [main] org.mybatis.spring.mapper.ClassPathMapperScanner [44] -| Skipping MapperFactoryBean with name 'getAppSignMapper' and 'com.example.springboot1.mapper.GetAppSignMapper' mapperInterface. Bean already defined with the same name!
2023-10-15 14:21:52.998 |-WARN  [main] org.mybatis.spring.mapper.ClassPathMapperScanner [44] -| Skipping MapperFactoryBean with name 'getImageMapper' and 'com.example.springboot1.mapper.GetImageMapper' mapperInterface. Bean already defined with the same name!
2023-10-15 14:21:52.998 |-WARN  [main] org.mybatis.spring.mapper.ClassPathMapperScanner [44] -| Skipping MapperFactoryBean with name 'imageMapper' and 'com.example.springboot1.mapper.ImageMapper' mapperInterface. Bean already defined with the same name!
2023-10-15 14:21:52.998 |-WARN  [main] org.mybatis.spring.mapper.ClassPathMapperScanner [44] -| No MyBatis mapper was found in '[com.example.springboot1.mapper]' package. Please check your configuration.
2023-10-15 14:21:54.215 |-INFO  [main] org.springframework.boot.web.embedded.tomcat.TomcatWebServer [108] -| Tomcat initialized with port(s): 9091 (http)
2023-10-15 14:21:54.223 |-INFO  [main] org.apache.coyote.http11.Http11NioProtocol [173] -| Initializing ProtocolHandler ["http-nio-9091"]
2023-10-15 14:21:54.224 |-INFO  [main] org.apache.catalina.core.StandardService [173] -| Starting service [Tomcat]
2023-10-15 14:21:54.224 |-INFO  [main] org.apache.catalina.core.StandardEngine [173] -| Starting Servlet engine: [Apache Tomcat/9.0.71]
2023-10-15 14:21:54.306 |-INFO  [main] org.apache.catalina.core.ContainerBase.[Tomcat].[localhost].[/] [173] -| Initializing Spring embedded WebApplicationContext
2023-10-15 14:21:54.306 |-INFO  [main] org.springframework.boot.web.servlet.context.ServletWebServerApplicationContext [292] -| Root WebApplicationContext: initialization completed in 2410 ms
2023-10-15 14:21:55.043 |-INFO  [main] springfox.documentation.spring.web.PropertySourcedRequestMappingHandlerMapping [69] -| Mapped URL path [/v2/api-docs] onto method [springfox.documentation.swagger2.web.Swagger2Controller#getDocumentation(String, HttpServletRequest)]
2023-10-15 14:21:55.253 |-INFO  [main] org.apache.coyote.http11.Http11NioProtocol [173] -| Starting ProtocolHandler ["http-nio-9091"]
2023-10-15 14:21:55.681 |-INFO  [main] org.springframework.boot.web.embedded.tomcat.TomcatWebServer [220] -| Tomcat started on port(s): 9091 (http) with context path ''
2023-10-15 14:21:55.682 |-INFO  [main] springfox.documentation.spring.web.plugins.DocumentationPluginsBootstrapper [147] -| Context refreshed
2023-10-15 14:21:55.699 |-INFO  [main] springfox.documentation.spring.web.plugins.DocumentationPluginsBootstrapper [150] -| Found 1 custom documentation plugin(s)
2023-10-15 14:21:55.725 |-INFO  [main] springfox.documentation.spring.web.scanners.ApiListingReferenceScanner [41] -| Scanning for api listing references
2023-10-15 14:21:55.740 |-INFO  [http-nio-9091-exec-2] org.apache.catalina.core.ContainerBase.[Tomcat].[localhost].[/] [173] -| Initializing Spring DispatcherServlet 'dispatcherServlet'
2023-10-15 14:21:55.740 |-INFO  [http-nio-9091-exec-2] org.springframework.web.servlet.DispatcherServlet [525] -| Initializing Servlet 'dispatcherServlet'
2023-10-15 14:21:55.741 |-INFO  [http-nio-9091-exec-2] org.springframework.web.servlet.DispatcherServlet [547] -| Completed initialization in 1 ms
2023-10-15 14:21:55.913 |-INFO  [main] springfox.documentation.spring.web.readers.operation.CachingOperationNameGenerator [40] -| Generating unique operation named: getSignUsingGET_1
2023-10-15 14:21:56.051 |-INFO  [main] com.example.springboot1.Springboot1Application [61] -| Started Springboot1Application in 5.268 seconds (JVM running for 6.791)
2023-10-15 15:40:27.887 |-INFO  [main] com.example.springboot1.Springboot1Application [55] -| Starting Springboot1Application using Java 17.0.8 on DESKTOP-N5IT79T with PID 13428 (E:\project\IDEA\project\springboot1\target\classes started by 35310 in E:\project\IDEA\project\springboot1)
2023-10-15 15:40:27.999 |-INFO  [main] com.example.springboot1.Springboot1Application [631] -| No active profile set, falling back to 1 default profile: "default"
2023-10-15 15:40:29.816 |-WARN  [main] org.mybatis.spring.mapper.ClassPathMapperScanner [44] -| Skipping MapperFactoryBean with name 'getAppSecretMapper' and 'com.example.springboot1.mapper.GetAppSecretMapper' mapperInterface. Bean already defined with the same name!
2023-10-15 15:40:29.816 |-WARN  [main] org.mybatis.spring.mapper.ClassPathMapperScanner [44] -| Skipping MapperFactoryBean with name 'getAppSignMapper' and 'com.example.springboot1.mapper.GetAppSignMapper' mapperInterface. Bean already defined with the same name!
2023-10-15 15:40:29.816 |-WARN  [main] org.mybatis.spring.mapper.ClassPathMapperScanner [44] -| Skipping MapperFactoryBean with name 'getImageMapper' and 'com.example.springboot1.mapper.GetImageMapper' mapperInterface. Bean already defined with the same name!
2023-10-15 15:40:29.816 |-WARN  [main] org.mybatis.spring.mapper.ClassPathMapperScanner [44] -| Skipping MapperFactoryBean with name 'imageMapper' and 'com.example.springboot1.mapper.ImageMapper' mapperInterface. Bean already defined with the same name!
2023-10-15 15:40:29.817 |-WARN  [main] org.mybatis.spring.mapper.ClassPathMapperScanner [44] -| No MyBatis mapper was found in '[com.example.springboot1.mapper]' package. Please check your configuration.
2023-10-15 15:40:30.334 |-INFO  [main] org.springframework.boot.web.embedded.tomcat.TomcatWebServer [108] -| Tomcat initialized with port(s): 9091 (http)
2023-10-15 15:40:30.345 |-INFO  [main] org.apache.coyote.http11.Http11NioProtocol [173] -| Initializing ProtocolHandler ["http-nio-9091"]
2023-10-15 15:40:30.345 |-INFO  [main] org.apache.catalina.core.StandardService [173] -| Starting service [Tomcat]
2023-10-15 15:40:30.345 |-INFO  [main] org.apache.catalina.core.StandardEngine [173] -| Starting Servlet engine: [Apache Tomcat/9.0.71]
2023-10-15 15:40:30.428 |-INFO  [main] org.apache.catalina.core.ContainerBase.[Tomcat].[localhost].[/] [173] -| Initializing Spring embedded WebApplicationContext
2023-10-15 15:40:30.428 |-INFO  [main] org.springframework.boot.web.servlet.context.ServletWebServerApplicationContext [292] -| Root WebApplicationContext: initialization completed in 2310 ms
2023-10-15 15:40:31.213 |-INFO  [main] springfox.documentation.spring.web.PropertySourcedRequestMappingHandlerMapping [69] -| Mapped URL path [/v2/api-docs] onto method [springfox.documentation.swagger2.web.Swagger2Controller#getDocumentation(String, HttpServletRequest)]
2023-10-15 15:40:31.418 |-INFO  [main] org.apache.coyote.http11.Http11NioProtocol [173] -| Starting ProtocolHandler ["http-nio-9091"]
2023-10-15 15:40:31.921 |-INFO  [main] org.springframework.boot.web.embedded.tomcat.TomcatWebServer [220] -| Tomcat started on port(s): 9091 (http) with context path ''
2023-10-15 15:40:31.922 |-INFO  [main] springfox.documentation.spring.web.plugins.DocumentationPluginsBootstrapper [147] -| Context refreshed
2023-10-15 15:40:31.938 |-INFO  [main] springfox.documentation.spring.web.plugins.DocumentationPluginsBootstrapper [150] -| Found 1 custom documentation plugin(s)
2023-10-15 15:40:31.958 |-INFO  [main] springfox.documentation.spring.web.scanners.ApiListingReferenceScanner [41] -| Scanning for api listing references
2023-10-15 15:40:32.086 |-INFO  [main] com.example.springboot1.Springboot1Application [61] -| Started Springboot1Application in 5.011 seconds (JVM running for 6.344)
2023-10-15 16:01:59.134 |-INFO  [main] com.example.springboot1.Springboot1Application [55] -| Starting Springboot1Application using Java 17.0.8 on DESKTOP-N5IT79T with PID 14600 (E:\project\IDEA\project\springboot1\target\classes started by 35310 in E:\project\IDEA\project\springboot1)
2023-10-15 16:01:59.136 |-INFO  [main] com.example.springboot1.Springboot1Application [631] -| No active profile set, falling back to 1 default profile: "default"
2023-10-15 16:01:59.837 |-WARN  [main] org.mybatis.spring.mapper.ClassPathMapperScanner [44] -| Skipping MapperFactoryBean with name 'getAppSecretMapper' and 'com.example.springboot1.mapper.GetAppSecretMapper' mapperInterface. Bean already defined with the same name!
2023-10-15 16:01:59.838 |-WARN  [main] org.mybatis.spring.mapper.ClassPathMapperScanner [44] -| Skipping MapperFactoryBean with name 'getAppSignMapper' and 'com.example.springboot1.mapper.GetAppSignMapper' mapperInterface. Bean already defined with the same name!
2023-10-15 16:01:59.838 |-WARN  [main] org.mybatis.spring.mapper.ClassPathMapperScanner [44] -| Skipping MapperFactoryBean with name 'getImageMapper' and 'com.example.springboot1.mapper.GetImageMapper' mapperInterface. Bean already defined with the same name!
2023-10-15 16:01:59.838 |-WARN  [main] org.mybatis.spring.mapper.ClassPathMapperScanner [44] -| Skipping MapperFactoryBean with name 'imageMapper' and 'com.example.springboot1.mapper.ImageMapper' mapperInterface. Bean already defined with the same name!
2023-10-15 16:01:59.838 |-WARN  [main] org.mybatis.spring.mapper.ClassPathMapperScanner [44] -| No MyBatis mapper was found in '[com.example.springboot1.mapper]' package. Please check your configuration.
2023-10-15 16:02:00.154 |-INFO  [main] org.springframework.boot.web.embedded.tomcat.TomcatWebServer [108] -| Tomcat initialized with port(s): 9091 (http)
2023-10-15 16:02:00.160 |-INFO  [main] org.apache.coyote.http11.Http11NioProtocol [173] -| Initializing ProtocolHandler ["http-nio-9091"]
2023-10-15 16:02:00.160 |-INFO  [main] org.apache.catalina.core.StandardService [173] -| Starting service [Tomcat]
2023-10-15 16:02:00.160 |-INFO  [main] org.apache.catalina.core.StandardEngine [173] -| Starting Servlet engine: [Apache Tomcat/9.0.71]
2023-10-15 16:02:00.234 |-INFO  [main] org.apache.catalina.core.ContainerBase.[Tomcat].[localhost].[/] [173] -| Initializing Spring embedded WebApplicationContext
2023-10-15 16:02:00.234 |-INFO  [main] org.springframework.boot.web.servlet.context.ServletWebServerApplicationContext [292] -| Root WebApplicationContext: initialization completed in 1059 ms
2023-10-15 16:02:00.707 |-INFO  [main] springfox.documentation.spring.web.PropertySourcedRequestMappingHandlerMapping [69] -| Mapped URL path [/v2/api-docs] onto method [springfox.documentation.swagger2.web.Swagger2Controller#getDocumentation(String, HttpServletRequest)]
2023-10-15 16:02:00.904 |-INFO  [main] org.apache.coyote.http11.Http11NioProtocol [173] -| Starting ProtocolHandler ["http-nio-9091"]
2023-10-15 16:02:00.917 |-INFO  [main] org.springframework.boot.web.embedded.tomcat.TomcatWebServer [220] -| Tomcat started on port(s): 9091 (http) with context path ''
2023-10-15 16:02:00.917 |-INFO  [main] springfox.documentation.spring.web.plugins.DocumentationPluginsBootstrapper [147] -| Context refreshed
2023-10-15 16:02:00.927 |-INFO  [main] springfox.documentation.spring.web.plugins.DocumentationPluginsBootstrapper [150] -| Found 1 custom documentation plugin(s)
2023-10-15 16:02:00.943 |-INFO  [main] springfox.documentation.spring.web.scanners.ApiListingReferenceScanner [41] -| Scanning for api listing references
2023-10-15 16:02:01.056 |-INFO  [main] com.example.springboot1.Springboot1Application [61] -| Started Springboot1Application in 2.319 seconds (JVM running for 2.846)
2023-10-15 16:02:18.339 |-INFO  [http-nio-9091-exec-2] org.apache.catalina.core.ContainerBase.[Tomcat].[localhost].[/] [173] -| Initializing Spring DispatcherServlet 'dispatcherServlet'
2023-10-15 16:02:18.340 |-INFO  [http-nio-9091-exec-2] org.springframework.web.servlet.DispatcherServlet [525] -| Initializing Servlet 'dispatcherServlet'
2023-10-15 16:02:18.340 |-INFO  [http-nio-9091-exec-2] org.springframework.web.servlet.DispatcherServlet [547] -| Completed initialization in 0 ms
2023-10-15 16:04:00.664 |-INFO  [main] com.example.springboot1.Springboot1Application [55] -| Starting Springboot1Application using Java 17.0.8 on DESKTOP-N5IT79T with PID 9700 (E:\project\IDEA\project\springboot1\target\classes started by 35310 in E:\project\IDEA\project\springboot1)
2023-10-15 16:04:00.667 |-INFO  [main] com.example.springboot1.Springboot1Application [631] -| No active profile set, falling back to 1 default profile: "default"
2023-10-15 16:04:01.260 |-WARN  [main] org.mybatis.spring.mapper.ClassPathMapperScanner [44] -| Skipping MapperFactoryBean with name 'getAppSecretMapper' and 'com.example.springboot1.mapper.GetAppSecretMapper' mapperInterface. Bean already defined with the same name!
2023-10-15 16:04:01.260 |-WARN  [main] org.mybatis.spring.mapper.ClassPathMapperScanner [44] -| Skipping MapperFactoryBean with name 'getAppSignMapper' and 'com.example.springboot1.mapper.GetAppSignMapper' mapperInterface. Bean already defined with the same name!
2023-10-15 16:04:01.260 |-WARN  [main] org.mybatis.spring.mapper.ClassPathMapperScanner [44] -| Skipping MapperFactoryBean with name 'getImageMapper' and 'com.example.springboot1.mapper.GetImageMapper' mapperInterface. Bean already defined with the same name!
2023-10-15 16:04:01.260 |-WARN  [main] org.mybatis.spring.mapper.ClassPathMapperScanner [44] -| Skipping MapperFactoryBean with name 'imageMapper' and 'com.example.springboot1.mapper.ImageMapper' mapperInterface. Bean already defined with the same name!
2023-10-15 16:04:01.260 |-WARN  [main] org.mybatis.spring.mapper.ClassPathMapperScanner [44] -| No MyBatis mapper was found in '[com.example.springboot1.mapper]' package. Please check your configuration.
2023-10-15 16:04:01.555 |-INFO  [main] org.springframework.boot.web.embedded.tomcat.TomcatWebServer [108] -| Tomcat initialized with port(s): 9091 (http)
2023-10-15 16:04:01.561 |-INFO  [main] org.apache.coyote.http11.Http11NioProtocol [173] -| Initializing ProtocolHandler ["http-nio-9091"]
2023-10-15 16:04:01.561 |-INFO  [main] org.apache.catalina.core.StandardService [173] -| Starting service [Tomcat]
2023-10-15 16:04:01.562 |-INFO  [main] org.apache.catalina.core.StandardEngine [173] -| Starting Servlet engine: [Apache Tomcat/9.0.71]
2023-10-15 16:04:01.639 |-INFO  [main] org.apache.catalina.core.ContainerBase.[Tomcat].[localhost].[/] [173] -| Initializing Spring embedded WebApplicationContext
2023-10-15 16:04:01.639 |-INFO  [main] org.springframework.boot.web.servlet.context.ServletWebServerApplicationContext [292] -| Root WebApplicationContext: initialization completed in 933 ms
2023-10-15 16:04:02.124 |-INFO  [main] springfox.documentation.spring.web.PropertySourcedRequestMappingHandlerMapping [69] -| Mapped URL path [/v2/api-docs] onto method [springfox.documentation.swagger2.web.Swagger2Controller#getDocumentation(String, HttpServletRequest)]
2023-10-15 16:04:02.333 |-INFO  [main] org.apache.coyote.http11.Http11NioProtocol [173] -| Starting ProtocolHandler ["http-nio-9091"]
2023-10-15 16:04:02.346 |-INFO  [main] org.springframework.boot.web.embedded.tomcat.TomcatWebServer [220] -| Tomcat started on port(s): 9091 (http) with context path ''
2023-10-15 16:04:02.347 |-INFO  [main] springfox.documentation.spring.web.plugins.DocumentationPluginsBootstrapper [147] -| Context refreshed
2023-10-15 16:04:02.358 |-INFO  [main] springfox.documentation.spring.web.plugins.DocumentationPluginsBootstrapper [150] -| Found 1 custom documentation plugin(s)
2023-10-15 16:04:02.377 |-INFO  [main] springfox.documentation.spring.web.scanners.ApiListingReferenceScanner [41] -| Scanning for api listing references
2023-10-15 16:04:02.496 |-INFO  [main] com.example.springboot1.Springboot1Application [61] -| Started Springboot1Application in 2.202 seconds (JVM running for 2.657)
2023-10-15 16:04:02.557 |-INFO  [http-nio-9091-exec-2] org.apache.catalina.core.ContainerBase.[Tomcat].[localhost].[/] [173] -| Initializing Spring DispatcherServlet 'dispatcherServlet'
2023-10-15 16:04:02.557 |-INFO  [http-nio-9091-exec-2] org.springframework.web.servlet.DispatcherServlet [525] -| Initializing Servlet 'dispatcherServlet'
2023-10-15 16:04:02.558 |-INFO  [http-nio-9091-exec-2] org.springframework.web.servlet.DispatcherServlet [547] -| Completed initialization in 1 ms
